"../../../Engine/Content/EngineMaterials/T_Default_Material_Grid_N.uasset" 0
"../../../Engine/Content/EngineMaterials/T_Default_Material_Grid_N.uexp" 1
"../../../Engine/Content/EngineMaterials/T_Default_Material_Grid_N.ubulk" 2
"../../../Engine/Content/EngineMaterials/T_Default_Material_Grid_M.uasset" 3
"../../../Engine/Content/EngineMaterials/T_Default_Material_Grid_M.uexp" 4
"../../../Engine/Content/EngineMaterials/T_Default_Material_Grid_M.ubulk" 5
"../../../Engine/Content/Functions/Engine_MaterialFunctions01/Opacity/CameraDepthFade.uasset" 6
"../../../Engine/Content/Functions/Engine_MaterialFunctions01/Opacity/CameraDepthFade.uexp" 7
"../../../Engine/Content/EngineMaterials/WorldGridMaterial.uasset" 8
"../../../Engine/Content/EngineMaterials/WorldGridMaterial.uexp" 9
"../../../Engine/Content/ArtTools/RenderToTexture/Meshes/S_1_Unit_Plane.uasset" 10
"../../../Engine/Content/ArtTools/RenderToTexture/Meshes/S_1_Unit_Plane.uexp" 11
"../../../Engine/Content/EngineMaterials/DefaultMaterial.uasset" 12
"../../../Engine/Content/EngineMaterials/DefaultMaterial.uexp" 13
"../../../Engine/Content/BasicShapes/Cone.uasset" 14
"../../../Engine/Content/BasicShapes/Cone.uexp" 15
"../../../Engine/Content/EditorLandscapeResources/DataLayer.uasset" 16
"../../../Engine/Content/EditorLandscapeResources/DataLayer.uexp" 17
"../../../Engine/Content/EditorLandscapeResources/DefaultAlphaTexture.uasset" 18
"../../../Engine/Content/EditorLandscapeResources/DefaultAlphaTexture.uexp" 19
"../../../Engine/Content/EditorMaterials/MAT_Groups_Toggle.uasset" 20
"../../../Engine/Content/EditorMaterials/MAT_Groups_Toggle.uexp" 21
"../../../Engine/Content/EditorMaterials/MAT_Groups_Visibility.uasset" 22
"../../../Engine/Content/EditorMaterials/MAT_Groups_Visibility.uexp" 23
"../../../Engine/Content/EditorMaterials/PreviewShadowIndicator.uasset" 24
"../../../Engine/Content/EditorMaterials/PreviewShadowIndicator.uexp" 25
"../../../Engine/Content/EditorMaterials/PreviewShadowIndicator.ubulk" 26
"../../../Engine/Content/EditorMaterials/PreviewShadowIndicatorMaterial.uasset" 27
"../../../Engine/Content/EditorMaterials/PreviewShadowIndicatorMaterial.uexp" 28
"../../../Engine/Content/EditorMaterials/MatineeGroups/MAT_ColorTrack.uasset" 29
"../../../Engine/Content/EditorMaterials/MatineeGroups/MAT_ColorTrack.uexp" 30
"../../../Engine/Content/EditorMaterials/MatineeGroups/MAT_Groups_Anim.uasset" 31
"../../../Engine/Content/EditorMaterials/MatineeGroups/MAT_Groups_Anim.uexp" 32
"../../../Engine/Content/EditorMaterials/MatineeGroups/MAT_Groups_AudioMaster.uasset" 33
"../../../Engine/Content/EditorMaterials/MatineeGroups/MAT_Groups_AudioMaster.uexp" 34
"../../../Engine/Content/EditorMaterials/MatineeGroups/MAT_Groups_Director.uasset" 35
"../../../Engine/Content/EditorMaterials/MatineeGroups/MAT_Groups_Director.uexp" 36
"../../../Engine/Content/EditorMaterials/MatineeGroups/MAT_Groups_Event.uasset" 37
"../../../Engine/Content/EditorMaterials/MatineeGroups/MAT_Groups_Event.uexp" 38
"../../../Engine/Content/EditorMaterials/MatineeGroups/MAT_Groups_Fade.uasset" 39
"../../../Engine/Content/EditorMaterials/MatineeGroups/MAT_Groups_Fade.uexp" 40
"../../../Engine/Content/EditorMaterials/MatineeGroups/MAT_Groups_Float.uasset" 41
"../../../Engine/Content/EditorMaterials/MatineeGroups/MAT_Groups_Float.uexp" 42
"../../../Engine/Content/EditorMaterials/MatineeGroups/MAT_Groups_Move.uasset" 43
"../../../Engine/Content/EditorMaterials/MatineeGroups/MAT_Groups_Move.uexp" 44
"../../../Engine/Content/EditorMaterials/MatineeGroups/MAT_Groups_Slomo.uasset" 45
"../../../Engine/Content/EditorMaterials/MatineeGroups/MAT_Groups_Slomo.uexp" 46
"../../../Engine/Content/EditorMaterials/MatineeGroups/MAT_Groups_Sound.uasset" 47
"../../../Engine/Content/EditorMaterials/MatineeGroups/MAT_Groups_Sound.uexp" 48
"../../../Engine/Content/EditorMaterials/MatineeGroups/MAT_Groups_Vector.uasset" 49
"../../../Engine/Content/EditorMaterials/MatineeGroups/MAT_Groups_Vector.uexp" 50
"../../../Engine/Content/EditorMaterials/ParticleSystems/PSysThumbnail_NoImage.uasset" 51
"../../../Engine/Content/EditorMaterials/ParticleSystems/PSysThumbnail_NoImage.uexp" 52
"../../../Engine/Content/EditorMaterials/ParticleSystems/PSysThumbnail_NoImage.ubulk" 53
"../../../Engine/Content/EditorMaterials/ParticleSystems/PSysThumbnail_OOD.uasset" 54
"../../../Engine/Content/EditorMaterials/ParticleSystems/PSysThumbnail_OOD.uexp" 55
"../../../Engine/Content/EditorMaterials/ParticleSystems/PSysThumbnail_OOD.ubulk" 56
"../../../Engine/Content/EditorMaterials/Camera/CineMat.uasset" 57
"../../../Engine/Content/EditorMaterials/Camera/CineMat.uexp" 58
"../../../Engine/Content/EditorMaterials/Camera/MI_CineMat_Rig.uasset" 59
"../../../Engine/Content/EditorMaterials/Camera/MI_CineMat_Rig.uexp" 60
"../../../Engine/Content/EditorMeshes/Camera/SM_CraneRig_Arm.uasset" 61
"../../../Engine/Content/EditorMeshes/Camera/SM_CraneRig_Arm.uexp" 62
"../../../Engine/Content/EditorMeshes/Camera/SM_CraneRig_Base.uasset" 63
"../../../Engine/Content/EditorMeshes/Camera/SM_CraneRig_Base.uexp" 64
"../../../Engine/Content/EditorMeshes/Camera/SM_CraneRig_Body.uasset" 65
"../../../Engine/Content/EditorMeshes/Camera/SM_CraneRig_Body.uexp" 66
"../../../Engine/Content/EditorMeshes/Camera/SM_CraneRig_Mount.uasset" 67
"../../../Engine/Content/EditorMeshes/Camera/SM_CraneRig_Mount.uexp" 68
"../../../Engine/Content/EditorMeshes/Camera/SM_RailRig_Mount.uasset" 69
"../../../Engine/Content/EditorMeshes/Camera/SM_RailRig_Mount.uexp" 70
"../../../Engine/Content/EditorMeshes/Camera/SM_RailRig_Track.uasset" 71
"../../../Engine/Content/EditorMeshes/Camera/SM_RailRig_Track.uexp" 72
"../../../Engine/Content/EditorResources/BSPVertex.uasset" 73
"../../../Engine/Content/EditorResources/BSPVertex.uexp" 74
"../../../Engine/Content/EditorResources/EmptyActor.uasset" 75
"../../../Engine/Content/EditorResources/EmptyActor.uexp" 76
"../../../Engine/Content/EditorResources/S_Actor.uasset" 77
"../../../Engine/Content/EditorResources/S_Actor.uexp" 78
"../../../Engine/Content/EditorResources/S_Actor.ubulk" 79
"../../../Engine/Content/EditorResources/S_Note.uasset" 80
"../../../Engine/Content/EditorResources/S_Note.uexp" 81
"../../../Engine/Content/EditorResources/S_Note.ubulk" 82
"../../../Engine/Content/EditorResources/S_Solver.uasset" 83
"../../../Engine/Content/EditorResources/S_Solver.uexp" 84
"../../../Engine/Content/EditorResources/S_Solver.ubulk" 85
"../../../Engine/Content/EditorResources/S_Terrain.uasset" 86
"../../../Engine/Content/EditorResources/S_Terrain.uexp" 87
"../../../Engine/Content/EditorResources/S_Terrain.ubulk" 88
"../../../Engine/Content/EditorResources/S_Trigger.uasset" 89
"../../../Engine/Content/EditorResources/S_Trigger.uexp" 90
"../../../Engine/Content/EditorResources/S_Trigger.ubulk" 91
"../../../Engine/Content/EditorResources/LightIcons/S_LightError.uasset" 92
"../../../Engine/Content/EditorResources/LightIcons/S_LightError.uexp" 93
"../../../Engine/Content/EditorResources/SequenceRecorder/Countdown.uasset" 94
"../../../Engine/Content/EditorResources/SequenceRecorder/Countdown.uexp" 95
"../../../Engine/Content/EditorResources/SequenceRecorder/RecordingIndicator.uasset" 96
"../../../Engine/Content/EditorResources/SequenceRecorder/RecordingIndicator.uexp" 97
"../../../Engine/Content/EngineDamageTypes/DmgTypeBP_Environmental.uasset" 98
"../../../Engine/Content/EngineDamageTypes/DmgTypeBP_Environmental.uexp" 99
"../../../Engine/Content/EngineDebugMaterials/DebugEditorMaterial.uasset" 100
"../../../Engine/Content/EngineDebugMaterials/DebugEditorMaterial.uexp" 101
"../../../Engine/Content/EngineDebugMaterials/DebugMeshMaterial.uasset" 102
"../../../Engine/Content/EngineDebugMaterials/DebugMeshMaterial.uexp" 103
"../../../Engine/Content/EngineDebugMaterials/M_SimpleUnlitTranslucent.uasset" 104
"../../../Engine/Content/EngineDebugMaterials/M_SimpleUnlitTranslucent.uexp" 105
"../../../Engine/Content/EngineDebugMaterials/VolumeToRender.uasset" 106
"../../../Engine/Content/EngineDebugMaterials/VolumeToRender.uexp" 107
"../../../Engine/Content/Functions/Engine_MaterialFunctions02/Utility/CameraDirectionVector.uasset" 108
"../../../Engine/Content/Functions/Engine_MaterialFunctions02/Utility/CameraDirectionVector.uexp" 109
"../../../Engine/Content/EngineDebugMaterials/M_VolumeRenderSphereTracePP.uasset" 110
"../../../Engine/Content/EngineDebugMaterials/M_VolumeRenderSphereTracePP.uexp" 111
"../../../Engine/Content/Functions/Engine_MaterialFunctions01/Shading/ConvertFromDiffSpec.uasset" 112
"../../../Engine/Content/Functions/Engine_MaterialFunctions01/Shading/ConvertFromDiffSpec.uexp" 113
"../../../Engine/Content/EngineDebugMaterials/VertexColorMaterial.uasset" 114
"../../../Engine/Content/EngineDebugMaterials/VertexColorMaterial.uexp" 115
"../../../Engine/Content/EngineDebugMaterials/WireframeMaterial.uasset" 116
"../../../Engine/Content/EngineDebugMaterials/WireframeMaterial.uexp" 117
"../../../Engine/Content/EngineFonts/Faces/RobotoRegular.uasset" 118
"../../../Engine/Content/EngineFonts/Faces/RobotoRegular.uexp" 119
"../../../Engine/Content/EngineFonts/Faces/RobotoRegular.ufont" 120
"../../../Engine/Content/EngineFonts/Faces/RobotoLight.uasset" 121
"../../../Engine/Content/EngineFonts/Faces/RobotoLight.uexp" 122
"../../../Engine/Content/EngineFonts/Faces/RobotoLight.ufont" 123
"../../../Engine/Content/EngineFonts/Faces/RobotoItalic.uasset" 124
"../../../Engine/Content/EngineFonts/Faces/RobotoItalic.uexp" 125
"../../../Engine/Content/EngineFonts/Faces/RobotoItalic.ufont" 126
"../../../Engine/Content/EngineFonts/Faces/RobotoBoldItalic.uasset" 127
"../../../Engine/Content/EngineFonts/Faces/RobotoBoldItalic.uexp" 128
"../../../Engine/Content/EngineFonts/Faces/RobotoBoldItalic.ufont" 129
"../../../Engine/Content/EngineFonts/Faces/RobotoBold.uasset" 130
"../../../Engine/Content/EngineFonts/Faces/RobotoBold.uexp" 131
"../../../Engine/Content/EngineFonts/Faces/RobotoBold.ufont" 132
"../../../Engine/Content/EngineFonts/Faces/DroidSansFallback.uasset" 133
"../../../Engine/Content/EngineFonts/Faces/DroidSansFallback.uexp" 134
"../../../Engine/Content/EngineFonts/Faces/DroidSansFallback.ufont" 135
"../../../Engine/Content/EngineFonts/Roboto.uasset" 136
"../../../Engine/Content/EngineFonts/Roboto.uexp" 137
"../../../Engine/Content/EngineMaterials/BaseFlattenNormalMap.uasset" 138
"../../../Engine/Content/EngineMaterials/BaseFlattenNormalMap.uexp" 139
"../../../Engine/Content/EngineMaterials/BaseFlattenGrayscaleMap.uasset" 140
"../../../Engine/Content/EngineMaterials/BaseFlattenGrayscaleMap.uexp" 141
"../../../Engine/Content/EngineMaterials/BaseFlattenEmissiveMap.uasset" 142
"../../../Engine/Content/EngineMaterials/BaseFlattenEmissiveMap.uexp" 143
"../../../Engine/Content/EngineMaterials/BaseFlattenDiffuseMap.uasset" 144
"../../../Engine/Content/EngineMaterials/BaseFlattenDiffuseMap.uexp" 145
"../../../Engine/Content/EngineMaterials/BaseFlattenMaterial.uasset" 146
"../../../Engine/Content/EngineMaterials/BaseFlattenMaterial.uexp" 147
"../../../Engine/Content/EngineMaterials/BlueNoise.uasset" 148
"../../../Engine/Content/EngineMaterials/BlueNoise.uexp" 149
"../../../Engine/Content/EngineMaterials/DefaultBloomKernel.uasset" 150
"../../../Engine/Content/EngineMaterials/DefaultBloomKernel.uexp" 151
"../../../Engine/Content/EngineMaterials/DefaultBokeh.uasset" 152
"../../../Engine/Content/EngineMaterials/DefaultBokeh.uexp" 153
"../../../Engine/Content/EngineMaterials/DefaultDiffuse.uasset" 154
"../../../Engine/Content/EngineMaterials/DefaultDiffuse.uexp" 155
"../../../Engine/Content/EngineMaterials/DefaultDiffuse.ubulk" 156
"../../../Engine/Content/EngineMaterials/DefaultDeferredDecalMaterial.uasset" 157
"../../../Engine/Content/EngineMaterials/DefaultDeferredDecalMaterial.uexp" 158
"../../../Engine/Content/EngineMaterials/DefaultLightFunctionMaterial.uasset" 159
"../../../Engine/Content/EngineMaterials/DefaultLightFunctionMaterial.uexp" 160
"../../../Engine/Content/EngineMaterials/DefaultPhysicalMaterial.uasset" 161
"../../../Engine/Content/EngineMaterials/DefaultPhysicalMaterial.uexp" 162
"../../../Engine/Content/Functions/Engine_MaterialFunctions02/Utility/BreakOutFloat2Components.uasset" 163
"../../../Engine/Content/Functions/Engine_MaterialFunctions02/Utility/BreakOutFloat2Components.uexp" 164
"../../../Engine/Content/EngineMaterials/DefaultPostProcessMaterial.uasset" 165
"../../../Engine/Content/EngineMaterials/DefaultPostProcessMaterial.uexp" 166
"../../../Engine/Content/EngineFonts/RobotoDistanceField.uasset" 167
"../../../Engine/Content/EngineFonts/RobotoDistanceField.uexp" 168
"../../../Engine/Content/EngineMaterials/DefaultTextMaterialOpaque.uasset" 169
"../../../Engine/Content/EngineMaterials/DefaultTextMaterialOpaque.uexp" 170
"../../../Engine/Content/EngineMaterials/DefaultWhiteGrid.uasset" 171
"../../../Engine/Content/EngineMaterials/DefaultWhiteGrid.uexp" 172
"../../../Engine/Content/EngineMaterials/DefaultWhiteGrid.ubulk" 173
"../../../Engine/Content/EngineMaterials/DefaultWhiteGrid_Low.uasset" 174
"../../../Engine/Content/EngineMaterials/DefaultWhiteGrid_Low.uexp" 175
"../../../Engine/Content/EngineMaterials/EmissiveMeshMaterial.uasset" 176
"../../../Engine/Content/EngineMaterials/EmissiveMeshMaterial.uexp" 177
"../../../Engine/Content/EngineMaterials/GizmoMaterial.uasset" 178
"../../../Engine/Content/EngineMaterials/GizmoMaterial.uexp" 179
"../../../Engine/Content/EngineMaterials/Good64x64TilingNoiseHighFreq.uasset" 180
"../../../Engine/Content/EngineMaterials/Good64x64TilingNoiseHighFreq.uexp" 181
"../../../Engine/Content/EngineMaterials/MiniFont.uasset" 182
"../../../Engine/Content/EngineMaterials/MiniFont.uexp" 183
"../../../Engine/Content/EngineMaterials/InvalidLightmapSettings.uasset" 184
"../../../Engine/Content/EngineMaterials/InvalidLightmapSettings.uexp" 185
"../../../Engine/Content/EngineMaterials/InvalidLightmapSettings.ubulk" 186
"../../../Engine/Content/EngineMaterials/M_InvalidLightmapSettings.uasset" 187
"../../../Engine/Content/EngineMaterials/M_InvalidLightmapSettings.uexp" 188
"../../../Engine/Content/Functions/Engine_MaterialFunctions02/WorldPositionOffset/CameraOffset.uasset" 189
"../../../Engine/Content/Functions/Engine_MaterialFunctions02/WorldPositionOffset/CameraOffset.uexp" 190
"../../../Engine/Content/EngineMaterials/PhAT_JointLimitMaterial.uasset" 191
"../../../Engine/Content/EngineMaterials/PhAT_JointLimitMaterial.uexp" 192
"../../../Engine/Content/EngineMaterials/DefaultCalibrationColor.uasset" 193
"../../../Engine/Content/EngineMaterials/DefaultCalibrationColor.uexp" 194
"../../../Engine/Content/EngineMaterials/PPM_DefaultCalibrationColor.uasset" 195
"../../../Engine/Content/EngineMaterials/PPM_DefaultCalibrationColor.uexp" 196
"../../../Engine/Content/EngineMaterials/DefaultCalibrationGrayscale.uasset" 197
"../../../Engine/Content/EngineMaterials/DefaultCalibrationGrayscale.uexp" 198
"../../../Engine/Content/EngineMaterials/PPM_DefaultCalibrationGrayscale.uasset" 199
"../../../Engine/Content/EngineMaterials/PPM_DefaultCalibrationGrayscale.uexp" 200
"../../../Engine/Content/EngineMaterials/PreintegratedSkinBRDF.uasset" 201
"../../../Engine/Content/EngineMaterials/PreintegratedSkinBRDF.uexp" 202
"../../../Engine/Content/EngineMaterials/RemoveSurfaceMaterial.uasset" 203
"../../../Engine/Content/EngineMaterials/RemoveSurfaceMaterial.uexp" 204
"../../../Engine/Content/EngineMaterials/WeightMapPlaceholderTexture.uasset" 205
"../../../Engine/Content/EngineMaterials/WeightMapPlaceholderTexture.uexp" 206
"../../../Engine/Content/EngineResources/WhiteSquareTexture.uasset" 207
"../../../Engine/Content/EngineResources/WhiteSquareTexture.uexp" 208
"../../../Engine/Content/EngineMaterials/Widget3DPassThrough.uasset" 209
"../../../Engine/Content/EngineMaterials/Widget3DPassThrough.uexp" 210
"../../../Engine/Content/EngineMaterials/Widget3DPassThrough_Masked.uasset" 211
"../../../Engine/Content/EngineMaterials/Widget3DPassThrough_Masked.uexp" 212
"../../../Engine/Content/EngineMaterials/Widget3DPassThrough_Opaque.uasset" 213
"../../../Engine/Content/EngineMaterials/Widget3DPassThrough_Opaque.uexp" 214
"../../../Engine/Content/EngineMaterials/Widget3DPassThrough_Masked_OneSided.uasset" 215
"../../../Engine/Content/EngineMaterials/Widget3DPassThrough_Masked_OneSided.uexp" 216
"../../../Engine/Content/EngineMaterials/Widget3DPassThrough_Opaque_OneSided.uasset" 217
"../../../Engine/Content/EngineMaterials/Widget3DPassThrough_Opaque_OneSided.uexp" 218
"../../../Engine/Content/EngineMaterials/Widget3DPassThrough_Translucent.uasset" 219
"../../../Engine/Content/EngineMaterials/Widget3DPassThrough_Translucent.uexp" 220
"../../../Engine/Content/EngineMaterials/Widget3DPassThrough_Translucent_OneSided.uasset" 221
"../../../Engine/Content/EngineMaterials/Widget3DPassThrough_Translucent_OneSided.uexp" 222
"../../../Engine/Content/EngineMeshes/Cylinder.uasset" 223
"../../../Engine/Content/EngineMeshes/Cylinder.uexp" 224
"../../../Engine/Content/EngineMeshes/Sphere.uasset" 225
"../../../Engine/Content/EngineMeshes/Sphere.uexp" 226
"../../../Engine/Content/EngineResources/DefaultTexture.uasset" 227
"../../../Engine/Content/EngineResources/DefaultTexture.uexp" 228
"../../../Engine/Content/EngineResources/DefaultTexture.ubulk" 229
"../../../Engine/Content/EngineResources/DefaultTextureCube.uasset" 230
"../../../Engine/Content/EngineResources/DefaultTextureCube.uexp" 231
"../../../Engine/Content/EngineResources/DefaultVolumeTexture2D.uasset" 232
"../../../Engine/Content/EngineResources/DefaultVolumeTexture2D.uexp" 233
"../../../Engine/Content/EngineResources/DefaultVolumeTexture.uasset" 234
"../../../Engine/Content/EngineResources/DefaultVolumeTexture.uexp" 235
"../../../Engine/Content/EngineResources/GradientTexture0.uasset" 236
"../../../Engine/Content/EngineResources/GradientTexture0.uexp" 237
"../../../Engine/Content/EngineSky/VolumetricClouds/T_NoiseShape64.uasset" 238
"../../../Engine/Content/EngineSky/VolumetricClouds/T_NoiseShape64.uexp" 239
"../../../Engine/Content/EngineSky/VolumetricClouds/T_NoiseShape64.ubulk" 240
"../../../Engine/Content/EngineSky/VolumetricClouds/T_VolumeNoiseShape64.uasset" 241
"../../../Engine/Content/EngineSky/VolumetricClouds/T_VolumeNoiseShape64.uexp" 242
"../../../Engine/Content/EngineSky/VolumetricClouds/T_NoiseErosion.uasset" 243
"../../../Engine/Content/EngineSky/VolumetricClouds/T_NoiseErosion.uexp" 244
"../../../Engine/Content/EngineSky/VolumetricClouds/T_NoiseErosion.ubulk" 245
"../../../Engine/Content/EngineSky/VolumetricClouds/T_VolumeNoiseErosion32.uasset" 246
"../../../Engine/Content/EngineSky/VolumetricClouds/T_VolumeNoiseErosion32.uexp" 247
"../../../Engine/Content/EngineSky/VolumetricClouds/CloudWeatherTexture.uasset" 248
"../../../Engine/Content/EngineSky/VolumetricClouds/CloudWeatherTexture.uexp" 249
"../../../Engine/Content/EngineSky/VolumetricClouds/CloudGradientTexture.uasset" 250
"../../../Engine/Content/EngineSky/VolumetricClouds/CloudGradientTexture.uexp" 251
"../../../Engine/Content/Functions/Engine_MaterialFunctions02/Utility/MakeFloat2.uasset" 252
"../../../Engine/Content/Functions/Engine_MaterialFunctions02/Utility/MakeFloat2.uexp" 253
"../../../Engine/Content/EngineSky/VolumetricClouds/m_SimpleVolumetricCloud.uasset" 254
"../../../Engine/Content/EngineSky/VolumetricClouds/m_SimpleVolumetricCloud.uexp" 255
"../../../Engine/Content/EngineSky/VolumetricClouds/m_SimpleVolumetricCloud_Inst.uasset" 256
"../../../Engine/Content/EngineSky/VolumetricClouds/m_SimpleVolumetricCloud_Inst.uexp" 257
"../../../Engine/Content/Functions/Engine_MaterialFunctions01/Shading/PowerToRoughness.uasset" 258
"../../../Engine/Content/Functions/Engine_MaterialFunctions01/Shading/PowerToRoughness.uexp" 259
"../../../Engine/Content/Maps/Templates/Thumbnails/Default.uasset" 260
"../../../Engine/Content/Maps/Templates/Thumbnails/Default.uexp" 261
"../../../Engine/Content/Maps/Templates/Thumbnails/TimeOfDay.uasset" 262
"../../../Engine/Content/Maps/Templates/Thumbnails/TimeOfDay.uexp" 263
"../../../Engine/Content/Maps/Templates/Thumbnails/VR-Basic.uasset" 264
"../../../Engine/Content/Maps/Templates/Thumbnails/VR-Basic.uexp" 265
"../../../Engine/Content/MobileResources/T_MobileControls_texture.uasset" 266
"../../../Engine/Content/MobileResources/T_MobileControls_texture.uexp" 267
"../../../Engine/Content/MobileResources/T_MobileMenu2.uasset" 268
"../../../Engine/Content/MobileResources/T_MobileMenu2.uexp" 269
"../../../Engine/Content/MobileResources/HUD/AnalogHat.uasset" 270
"../../../Engine/Content/MobileResources/HUD/AnalogHat.uexp" 271
"../../../Engine/Content/MobileResources/HUD/VirtualJoystick_Thumb.uasset" 272
"../../../Engine/Content/MobileResources/HUD/VirtualJoystick_Thumb.uexp" 273
"../../../Engine/Content/MobileResources/HUD/VirtualJoystick_Background.uasset" 274
"../../../Engine/Content/MobileResources/HUD/VirtualJoystick_Background.uexp" 275
"../../../Engine/Content/MobileResources/HUD/DefaultVirtualJoysticks.uasset" 276
"../../../Engine/Content/MobileResources/HUD/DefaultVirtualJoysticks.uexp" 277
"../../../Engine/Content/MobileResources/HUD/LeftVirtualJoystickOnly.uasset" 278
"../../../Engine/Content/MobileResources/HUD/LeftVirtualJoystickOnly.uexp" 279
"../../../Engine/Content/MobileResources/HUD/MobileHUDButton1_off.uasset" 280
"../../../Engine/Content/MobileResources/HUD/MobileHUDButton1_off.uexp" 281
"../../../Engine/Content/MobileResources/HUD/MobileHUDButton1_on.uasset" 282
"../../../Engine/Content/MobileResources/HUD/MobileHUDButton1_on.uexp" 283
"../../../Engine/Content/MobileResources/HUD/MobileHUDButton2_off.uasset" 284
"../../../Engine/Content/MobileResources/HUD/MobileHUDButton2_off.uexp" 285
"../../../Engine/Content/MobileResources/HUD/MobileHUDButton2_on.uasset" 286
"../../../Engine/Content/MobileResources/HUD/MobileHUDButton2_on.uexp" 287
"../../../Engine/Content/MobileResources/HUD/MobileHUDButton3.uasset" 288
"../../../Engine/Content/MobileResources/HUD/MobileHUDButton3.uexp" 289
"../../../Engine/Content/MobileResources/HUD/MobileHUDButtonFire.uasset" 290
"../../../Engine/Content/MobileResources/HUD/MobileHUDButtonFire.uexp" 291
"../../../Engine/Content/MobileResources/HUD/MobileHUDDirectionPad.uasset" 292
"../../../Engine/Content/MobileResources/HUD/MobileHUDDirectionPad.uexp" 293
"../../../Engine/Content/MobileResources/HUD/MobileHUDDirectionPad2.uasset" 294
"../../../Engine/Content/MobileResources/HUD/MobileHUDDirectionPad2.uexp" 295
"../../../Engine/Content/MobileResources/HUD/MobileHUDDirectionPad3.uasset" 296
"../../../Engine/Content/MobileResources/HUD/MobileHUDDirectionPad3.uexp" 297
"../../../Engine/Content/MobileResources/HUD/MobileHUDDirectionStick.uasset" 298
"../../../Engine/Content/MobileResources/HUD/MobileHUDDirectionStick.uexp" 299
"../../../Engine/Content/MobileResources/HUD/T_Castle_ThumbstickInner.uasset" 300
"../../../Engine/Content/MobileResources/HUD/T_Castle_ThumbstickInner.uexp" 301
"../../../Engine/Content/MobileResources/HUD/T_Castle_ThumbstickOutter.uasset" 302
"../../../Engine/Content/MobileResources/HUD/T_Castle_ThumbstickOutter.uexp" 303
"../../../Engine/Content/Tutorial/ContentIntroCurve.uasset" 304
"../../../Engine/Content/Tutorial/ContentIntroCurve.uexp" 305
"../../../Engine/Content/Tutorial/Landscape/TutorialAssets/Landscape.uasset" 306
"../../../Engine/Content/Tutorial/Landscape/TutorialAssets/Landscape.uexp" 307
"../../../Engine/Content/EditorBlueprintResources/StandardMacros.uasset" 308
"../../../Engine/Content/EditorBlueprintResources/StandardMacros.uexp" 309
"../../../Engine/Content/VREditor/TransformGizmo/TranslucentTransformGizmoMaterial.uasset" 310
"../../../Engine/Content/VREditor/TransformGizmo/TranslucentTransformGizmoMaterial.uexp" 311
"../../../Engine/Content/VREditor/LaserPointer/VR_LaserPower_01.uasset" 312
"../../../Engine/Content/VREditor/LaserPointer/VR_LaserPower_01.uexp" 313
"../../../Engine/Content/VREditor/LaserPointer/VR_LaserPower_01.ubulk" 314
"../../../Engine/Content/VREditor/TransformGizmo/TransformGizmoMaterial.uasset" 315
"../../../Engine/Content/VREditor/TransformGizmo/TransformGizmoMaterial.uexp" 316
"../../../Engine/Content/VREditor/TransformGizmo/BoundingBoxCorner.uasset" 317
"../../../Engine/Content/VREditor/TransformGizmo/BoundingBoxCorner.uexp" 318
"../../../Engine/Content/VREditor/TransformGizmo/BoundingBoxEdge.uasset" 319
"../../../Engine/Content/VREditor/TransformGizmo/BoundingBoxEdge.uexp" 320
"../../../Engine/Content/VREditor/TransformGizmo/PlaneTranslationHandle.uasset" 321
"../../../Engine/Content/VREditor/TransformGizmo/PlaneTranslationHandle.uexp" 322
"../../../Engine/Content/VREditor/TransformGizmo/Xray.uasset" 323
"../../../Engine/Content/VREditor/TransformGizmo/Xray.uexp" 324
"../../../Engine/Content/VREditor/TransformGizmo/Main.uasset" 325
"../../../Engine/Content/VREditor/TransformGizmo/Main.uexp" 326
"../../../Engine/Content/VREditor/TransformGizmo/SM_Sequencer_Key.uasset" 327
"../../../Engine/Content/VREditor/TransformGizmo/SM_Sequencer_Key.uexp" 328
"../../../Engine/Content/VREditor/TransformGizmo/SM_Sequencer_Node.uasset" 329
"../../../Engine/Content/VREditor/TransformGizmo/SM_Sequencer_Node.uexp" 330
"../../../Engine/Plugins/2D/Paper2D/Content/PlaceholderTextures/DummySpriteTexture.uasset" 331
"../../../Engine/Plugins/2D/Paper2D/Content/PlaceholderTextures/DummySpriteTexture.uexp" 332
"../../../Engine/Plugins/2D/Paper2D/Content/PlaceholderTextures/DummySpriteTexture.ubulk" 333
"../../../Engine/Plugins/2D/Paper2D/Content/DummySprite.uasset" 334
"../../../Engine/Plugins/2D/Paper2D/Content/DummySprite.uexp" 335
"../../../Engine/Plugins/2D/Paper2D/Content/DefaultPaperTerrainMaterial.uasset" 336
"../../../Engine/Plugins/2D/Paper2D/Content/DefaultPaperTerrainMaterial.uexp" 337
"../../../Engine/Plugins/2D/Paper2D/Content/DefaultSpriteMaterial.uasset" 338
"../../../Engine/Plugins/2D/Paper2D/Content/DefaultSpriteMaterial.uexp" 339
"../../../Engine/Plugins/2D/Paper2D/Content/MaskedUnlitSpriteMaterial.uasset" 340
"../../../Engine/Plugins/2D/Paper2D/Content/MaskedUnlitSpriteMaterial.uexp" 341
"../../../Engine/Plugins/2D/Paper2D/Content/OpaqueUnlitSpriteMaterial.uasset" 342
"../../../Engine/Plugins/2D/Paper2D/Content/OpaqueUnlitSpriteMaterial.uexp" 343
"../../../Engine/Content/Functions/Engine_MaterialFunctions02/Utility/BreakOutFloat3Components.uasset" 344
"../../../Engine/Content/Functions/Engine_MaterialFunctions02/Utility/BreakOutFloat3Components.uexp" 345
"../../../Engine/Plugins/Editor/SpeedTreeImporter/Content/SpeedTree9/UnpackInteger3.uasset" 346
"../../../Engine/Plugins/Editor/SpeedTreeImporter/Content/SpeedTree9/UnpackInteger3.uexp" 347
"../../../Engine/Plugins/Editor/SpeedTreeImporter/Content/SpeedTree9/UnpackDirection.uasset" 348
"../../../Engine/Plugins/Editor/SpeedTreeImporter/Content/SpeedTree9/UnpackDirection.uexp" 349
"../../../Engine/Plugins/Editor/SpeedTreeImporter/Content/SpeedTree9/game_wind_noise.uasset" 350
"../../../Engine/Plugins/Editor/SpeedTreeImporter/Content/SpeedTree9/game_wind_noise.uexp" 351
"../../../Engine/Plugins/Editor/SpeedTreeImporter/Content/SpeedTree9/game_wind_noise.ubulk" 352
"../../../Engine/Content/Functions/Engine_MaterialFunctions02/SafeNormalize.uasset" 353
"../../../Engine/Content/Functions/Engine_MaterialFunctions02/SafeNormalize.uexp" 354
"../../../Engine/Plugins/Editor/SpeedTreeImporter/Content/SpeedTree9/SpeedTreeWindMotion.uasset" 355
"../../../Engine/Plugins/Editor/SpeedTreeImporter/Content/SpeedTree9/SpeedTreeWindMotion.uexp" 356
"../../../Engine/Plugins/Editor/SpeedTreeImporter/Content/SpeedTree9/SpeedTreeBranchMotion.uasset" 357
"../../../Engine/Plugins/Editor/SpeedTreeImporter/Content/SpeedTree9/SpeedTreeBranchMotion.uexp" 358
"../../../Engine/Content/Functions/Engine_MaterialFunctions02/ObjectLocalBounds.uasset" 359
"../../../Engine/Content/Functions/Engine_MaterialFunctions02/ObjectLocalBounds.uexp" 360
"../../../Engine/Content/Functions/Engine_MaterialFunctions02/UVs/BoundingBoxBased_0-1_UVW.uasset" 361
"../../../Engine/Content/Functions/Engine_MaterialFunctions02/UVs/BoundingBoxBased_0-1_UVW.uexp" 362
"../../../Engine/Content/Functions/Engine_MaterialFunctions02/Utility/VectorLength.uasset" 363
"../../../Engine/Content/Functions/Engine_MaterialFunctions02/Utility/VectorLength.uexp" 364
"../../../Engine/Content/Functions/Engine_MaterialFunctions02/WorldPositionOffset/ObjectScale.uasset" 365
"../../../Engine/Content/Functions/Engine_MaterialFunctions02/WorldPositionOffset/ObjectScale.uexp" 366
"../../../Engine/Plugins/Editor/SpeedTreeImporter/Content/SpeedTree9/SpeedTreeWind.uasset" 367
"../../../Engine/Plugins/Editor/SpeedTreeImporter/Content/SpeedTree9/SpeedTreeWind.uexp" 368
"../../../Engine/Plugins/Editor/SpeedTreeImporter/Content/SpeedTree9/SpeedTreeBillboard.uasset" 369
"../../../Engine/Plugins/Editor/SpeedTreeImporter/Content/SpeedTree9/SpeedTreeBillboard.uexp" 370
"../../../Engine/Plugins/Editor/SpeedTreeImporter/Content/SpeedTree9/EmptyNormal.uasset" 371
"../../../Engine/Plugins/Editor/SpeedTreeImporter/Content/SpeedTree9/EmptyNormal.uexp" 372
"../../../Engine/Plugins/Editor/SpeedTreeImporter/Content/SpeedTree9/Empty.uasset" 373
"../../../Engine/Plugins/Editor/SpeedTreeImporter/Content/SpeedTree9/Empty.uexp" 374
"../../../Engine/Plugins/Editor/SpeedTreeImporter/Content/SpeedTree9/SpeedTreeBillboardMaster.uasset" 375
"../../../Engine/Plugins/Editor/SpeedTreeImporter/Content/SpeedTree9/SpeedTreeBillboardMaster.uexp" 376
"../../../Engine/Plugins/Editor/SpeedTreeImporter/Content/SpeedTree9/SpeedTreeCameraFacing.uasset" 377
"../../../Engine/Plugins/Editor/SpeedTreeImporter/Content/SpeedTree9/SpeedTreeCameraFacing.uexp" 378
"../../../Engine/Plugins/Editor/SpeedTreeImporter/Content/SpeedTree9/SpeedTreeMaster.uasset" 379
"../../../Engine/Plugins/Editor/SpeedTreeImporter/Content/SpeedTree9/SpeedTreeMaster.uexp" 380
"../../../Engine/Content/BasicShapes/Cylinder.uasset" 381
"../../../Engine/Content/BasicShapes/Cylinder.uexp" 382
"../../../Engine/Content/ArtTools/RenderToTexture/Materials/Debug/M_Emissive_Color.uasset" 383
"../../../Engine/Content/ArtTools/RenderToTexture/Materials/Debug/M_Emissive_Color.uexp" 384
"../../../Engine/Plugins/Lumin/MagicLeapPassableWorld/Content/MagicLeapARPinInfoActor.uasset" 385
"../../../Engine/Plugins/Lumin/MagicLeapPassableWorld/Content/MagicLeapARPinInfoActor.uexp" 386
"../../../Engine/Plugins/Runtime/OpenXR/Content/Devices/GoogleDaydream/MRTexture.uasset" 387
"../../../Engine/Plugins/Runtime/OpenXR/Content/Devices/GoogleDaydream/MRTexture.uexp" 388
"../../../Engine/Plugins/Runtime/OpenXR/Content/Devices/GoogleDaydream/MRTexture.ubulk" 389
"../../../Engine/Plugins/Runtime/OpenXR/Content/Devices/GoogleDaydream/BaseTexture.uasset" 390
"../../../Engine/Plugins/Runtime/OpenXR/Content/Devices/GoogleDaydream/BaseTexture.uexp" 391
"../../../Engine/Plugins/Runtime/OpenXR/Content/Devices/GoogleDaydream/BaseTexture.ubulk" 392
"../../../Engine/Content/EngineResources/Black.uasset" 393
"../../../Engine/Content/EngineResources/Black.uexp" 394
"../../../Engine/Plugins/Runtime/OpenXR/Content/Devices/M_XRController.uasset" 395
"../../../Engine/Plugins/Runtime/OpenXR/Content/Devices/M_XRController.uexp" 396
"../../../Engine/Plugins/Runtime/OpenXR/Content/Devices/GoogleDaydream/MI_GoogleDaydream.uasset" 397
"../../../Engine/Plugins/Runtime/OpenXR/Content/Devices/GoogleDaydream/MI_GoogleDaydream.uexp" 398
"../../../Engine/Plugins/Runtime/OpenXR/Content/Devices/GoogleDaydream/GoogleDaydreamController.uasset" 399
"../../../Engine/Plugins/Runtime/OpenXR/Content/Devices/GoogleDaydream/GoogleDaydreamController.uexp" 400
"../../../Engine/Plugins/Runtime/OpenXR/Content/Devices/HTCVive/BaseTexture.uasset" 401
"../../../Engine/Plugins/Runtime/OpenXR/Content/Devices/HTCVive/BaseTexture.uexp" 402
"../../../Engine/Plugins/Runtime/OpenXR/Content/Devices/HTCVive/BaseTexture.ubulk" 403
"../../../Engine/Plugins/Runtime/OpenXR/Content/Devices/HTCVive/MI_HTCVive.uasset" 404
"../../../Engine/Plugins/Runtime/OpenXR/Content/Devices/HTCVive/MI_HTCVive.uexp" 405
"../../../Engine/Plugins/Runtime/OpenXR/Content/Devices/HTCVive/HTCViveController.uasset" 406
"../../../Engine/Plugins/Runtime/OpenXR/Content/Devices/HTCVive/HTCViveController.uexp" 407
"../../../Engine/Plugins/Runtime/OpenXR/Content/Devices/MicrosoftMixedReality/NormalTexture.uasset" 408
"../../../Engine/Plugins/Runtime/OpenXR/Content/Devices/MicrosoftMixedReality/NormalTexture.uexp" 409
"../../../Engine/Plugins/Runtime/OpenXR/Content/Devices/MicrosoftMixedReality/NormalTexture.ubulk" 410
"../../../Engine/Plugins/Runtime/OpenXR/Content/Devices/MicrosoftMixedReality/MRTexture.uasset" 411
"../../../Engine/Plugins/Runtime/OpenXR/Content/Devices/MicrosoftMixedReality/MRTexture.uexp" 412
"../../../Engine/Plugins/Runtime/OpenXR/Content/Devices/MicrosoftMixedReality/MRTexture.ubulk" 413
"../../../Engine/Plugins/Runtime/OpenXR/Content/Devices/MicrosoftMixedReality/EmissiveTexture.uasset" 414
"../../../Engine/Plugins/Runtime/OpenXR/Content/Devices/MicrosoftMixedReality/EmissiveTexture.uexp" 415
"../../../Engine/Plugins/Runtime/OpenXR/Content/Devices/MicrosoftMixedReality/EmissiveTexture.ubulk" 416
"../../../Engine/Plugins/Runtime/OpenXR/Content/Devices/MicrosoftMixedReality/BaseTexture.uasset" 417
"../../../Engine/Plugins/Runtime/OpenXR/Content/Devices/MicrosoftMixedReality/BaseTexture.uexp" 418
"../../../Engine/Plugins/Runtime/OpenXR/Content/Devices/MicrosoftMixedReality/BaseTexture.ubulk" 419
"../../../Engine/Plugins/Runtime/OpenXR/Content/Devices/MicrosoftMixedReality/MI_MicrosoftMixedReality.uasset" 420
"../../../Engine/Plugins/Runtime/OpenXR/Content/Devices/MicrosoftMixedReality/MI_MicrosoftMixedReality.uexp" 421
"../../../Engine/Plugins/Runtime/OpenXR/Content/Devices/MicrosoftMixedReality/Left/left_MicrosoftMixedRealityController.uasset" 422
"../../../Engine/Plugins/Runtime/OpenXR/Content/Devices/MicrosoftMixedReality/Left/left_MicrosoftMixedRealityController.uexp" 423
"../../../Engine/Plugins/Runtime/OpenXR/Content/Devices/MicrosoftMixedReality/Right/right_MicrosoftMixedRealityController.uasset" 424
"../../../Engine/Plugins/Runtime/OpenXR/Content/Devices/MicrosoftMixedReality/Right/right_MicrosoftMixedRealityController.uexp" 425
"../../../Engine/Plugins/Runtime/OpenXR/Content/Devices/OculusGo/BaseTexture.uasset" 426
"../../../Engine/Plugins/Runtime/OpenXR/Content/Devices/OculusGo/BaseTexture.uexp" 427
"../../../Engine/Plugins/Runtime/OpenXR/Content/Devices/OculusGo/BaseTexture.ubulk" 428
"../../../Engine/Plugins/Runtime/OpenXR/Content/Devices/OculusGo/MI_OculusGo.uasset" 429
"../../../Engine/Plugins/Runtime/OpenXR/Content/Devices/OculusGo/MI_OculusGo.uexp" 430
"../../../Engine/Plugins/Runtime/OpenXR/Content/Devices/OculusGo/OculusGoController.uasset" 431
"../../../Engine/Plugins/Runtime/OpenXR/Content/Devices/OculusGo/OculusGoController.uexp" 432
"../../../Engine/Plugins/Runtime/OpenXR/Content/Devices/OculusTouch/MRTexture.uasset" 433
"../../../Engine/Plugins/Runtime/OpenXR/Content/Devices/OculusTouch/MRTexture.uexp" 434
"../../../Engine/Plugins/Runtime/OpenXR/Content/Devices/OculusTouch/MRTexture.ubulk" 435
"../../../Engine/Plugins/Runtime/OpenXR/Content/Devices/OculusTouch/BaseTexture.uasset" 436
"../../../Engine/Plugins/Runtime/OpenXR/Content/Devices/OculusTouch/BaseTexture.uexp" 437
"../../../Engine/Plugins/Runtime/OpenXR/Content/Devices/OculusTouch/BaseTexture.ubulk" 438
"../../../Engine/Plugins/Runtime/OpenXR/Content/Devices/OculusTouch/MI_OculusTouch.uasset" 439
"../../../Engine/Plugins/Runtime/OpenXR/Content/Devices/OculusTouch/MI_OculusTouch.uexp" 440
"../../../Engine/Plugins/Runtime/OpenXR/Content/Devices/OculusTouch/Left/left_OculusTouchController.uasset" 441
"../../../Engine/Plugins/Runtime/OpenXR/Content/Devices/OculusTouch/Left/left_OculusTouchController.uexp" 442
"../../../Engine/Plugins/Runtime/OpenXR/Content/Devices/OculusTouch/Right/right_OculusTouchController.uasset" 443
"../../../Engine/Plugins/Runtime/OpenXR/Content/Devices/OculusTouch/Right/right_OculusTouchController.uexp" 444
"../../../Engine/Plugins/Runtime/OpenXR/Content/Devices/OculusTouch_v2/MRTexture.uasset" 445
"../../../Engine/Plugins/Runtime/OpenXR/Content/Devices/OculusTouch_v2/MRTexture.uexp" 446
"../../../Engine/Plugins/Runtime/OpenXR/Content/Devices/OculusTouch_v2/MRTexture.ubulk" 447
"../../../Engine/Plugins/Runtime/OpenXR/Content/Devices/OculusTouch_v2/BaseTexture.uasset" 448
"../../../Engine/Plugins/Runtime/OpenXR/Content/Devices/OculusTouch_v2/BaseTexture.uexp" 449
"../../../Engine/Plugins/Runtime/OpenXR/Content/Devices/OculusTouch_v2/BaseTexture.ubulk" 450
"../../../Engine/Plugins/Runtime/OpenXR/Content/Devices/OculusTouch_v2/MI_OculusTouch_v2.uasset" 451
"../../../Engine/Plugins/Runtime/OpenXR/Content/Devices/OculusTouch_v2/MI_OculusTouch_v2.uexp" 452
"../../../Engine/Plugins/Runtime/OpenXR/Content/Devices/OculusTouch_v2/Left/left_OculusTouch_v2Controller.uasset" 453
"../../../Engine/Plugins/Runtime/OpenXR/Content/Devices/OculusTouch_v2/Left/left_OculusTouch_v2Controller.uexp" 454
"../../../Engine/Plugins/Runtime/OpenXR/Content/Devices/OculusTouch_v2/Right/right_OculusTouch_v2Controller.uasset" 455
"../../../Engine/Plugins/Runtime/OpenXR/Content/Devices/OculusTouch_v2/Right/right_OculusTouch_v2Controller.uexp" 456
"../../../Engine/Plugins/Runtime/OpenXR/Content/Devices/OculusTouch_v3/MRTexture.uasset" 457
"../../../Engine/Plugins/Runtime/OpenXR/Content/Devices/OculusTouch_v3/MRTexture.uexp" 458
"../../../Engine/Plugins/Runtime/OpenXR/Content/Devices/OculusTouch_v3/MRTexture.ubulk" 459
"../../../Engine/Plugins/Runtime/OpenXR/Content/Devices/OculusTouch_v3/BaseTexture.uasset" 460
"../../../Engine/Plugins/Runtime/OpenXR/Content/Devices/OculusTouch_v3/BaseTexture.uexp" 461
"../../../Engine/Plugins/Runtime/OpenXR/Content/Devices/OculusTouch_v3/BaseTexture.ubulk" 462
"../../../Engine/Plugins/Runtime/OpenXR/Content/Devices/OculusTouch_v3/MI_OculusTouch_v3.uasset" 463
"../../../Engine/Plugins/Runtime/OpenXR/Content/Devices/OculusTouch_v3/MI_OculusTouch_v3.uexp" 464
"../../../Engine/Plugins/Runtime/OpenXR/Content/Devices/OculusTouch_v3/Left/left_OculusTouch_v3Controller.uasset" 465
"../../../Engine/Plugins/Runtime/OpenXR/Content/Devices/OculusTouch_v3/Left/left_OculusTouch_v3Controller.uexp" 466
"../../../Engine/Plugins/Runtime/OpenXR/Content/Devices/OculusTouch_v3/Right/right_OculusTouch_v3Controller.uasset" 467
"../../../Engine/Plugins/Runtime/OpenXR/Content/Devices/OculusTouch_v3/Right/right_OculusTouch_v3Controller.uexp" 468
"../../../Engine/Plugins/Runtime/OpenXR/Content/Devices/ValveIndex/MRTexture.uasset" 469
"../../../Engine/Plugins/Runtime/OpenXR/Content/Devices/ValveIndex/MRTexture.uexp" 470
"../../../Engine/Plugins/Runtime/OpenXR/Content/Devices/ValveIndex/MRTexture.ubulk" 471
"../../../Engine/Plugins/Runtime/OpenXR/Content/Devices/ValveIndex/BaseTexture.uasset" 472
"../../../Engine/Plugins/Runtime/OpenXR/Content/Devices/ValveIndex/BaseTexture.uexp" 473
"../../../Engine/Plugins/Runtime/OpenXR/Content/Devices/ValveIndex/BaseTexture.ubulk" 474
"../../../Engine/Plugins/Runtime/OpenXR/Content/Devices/ValveIndex/Left/MI_left_ValveIndex.uasset" 475
"../../../Engine/Plugins/Runtime/OpenXR/Content/Devices/ValveIndex/Left/MI_left_ValveIndex.uexp" 476
"../../../Engine/Plugins/Runtime/OpenXR/Content/Devices/ValveIndex/Left/left_ValveIndexController.uasset" 477
"../../../Engine/Plugins/Runtime/OpenXR/Content/Devices/ValveIndex/Left/left_ValveIndexController.uexp" 478
"../../../Engine/Plugins/Runtime/OpenXR/Content/Devices/ValveIndex/Right/MI_right_ValveIndex.uasset" 479
"../../../Engine/Plugins/Runtime/OpenXR/Content/Devices/ValveIndex/Right/MI_right_ValveIndex.uexp" 480
"../../../Engine/Plugins/Runtime/OpenXR/Content/Devices/ValveIndex/Right/right_ValveIndexController.uasset" 481
"../../../Engine/Plugins/Runtime/OpenXR/Content/Devices/ValveIndex/Right/right_ValveIndexController.uexp" 482
"../../../Engine/Content/BasicShapes/BasicShapeMaterial.uasset" 483
"../../../Engine/Content/BasicShapes/BasicShapeMaterial.uexp" 484
"C:/Users/yukio/Desktop/Swapple/Content/_Main/Levels/LevelsCoop/Meshes/Materials/T_Floor.uasset" 485
"C:/Users/yukio/Desktop/Swapple/Content/_Main/Levels/LevelsCoop/Meshes/Materials/T_Floor.uexp" 486
"C:/Users/yukio/Desktop/Swapple/Content/_Main/Levels/LevelsCoop/Meshes/Materials/T_Floor.ubulk" 487
"C:/Users/yukio/Desktop/Swapple/Content/_Main/Levels/LevelsCoop/Meshes/Materials/M_PlatMesh.uasset" 488
"C:/Users/yukio/Desktop/Swapple/Content/_Main/Levels/LevelsCoop/Meshes/Materials/M_PlatMesh.uexp" 489
"C:/Users/yukio/Desktop/Swapple/Content/_Main/Levels/LevelsCoop/Meshes/M_Plat.uasset" 490
"C:/Users/yukio/Desktop/Swapple/Content/_Main/Levels/LevelsCoop/Meshes/M_Plat.uexp" 491
"C:/Users/yukio/Desktop/Swapple/Content/_Main/Levels/LevelsCoop/Meshes/Materials/M_LaranjaAlavanca.uasset" 492
"C:/Users/yukio/Desktop/Swapple/Content/_Main/Levels/LevelsCoop/Meshes/Materials/M_LaranjaAlavanca.uexp" 493
"C:/Users/yukio/Desktop/Swapple/Content/_Main/Levels/LevelsCoop/Blueprints/BP_MasterAtivated.uasset" 494
"C:/Users/yukio/Desktop/Swapple/Content/_Main/Levels/LevelsCoop/Blueprints/BP_MasterAtivated.uexp" 495
"C:/Users/yukio/Desktop/Swapple/Content/_Main/Levels/LevelsCoop/Blueprints/BP_Plataform.uasset" 496
"C:/Users/yukio/Desktop/Swapple/Content/_Main/Levels/LevelsCoop/Blueprints/BP_Plataform.uexp" 497
"C:/Users/yukio/Desktop/Swapple/Content/_Main/Models/Wapple/Shirts/Suit/M_Black.uasset" 498
"C:/Users/yukio/Desktop/Swapple/Content/_Main/Models/Wapple/Shirts/Suit/M_Black.uexp" 499
"C:/Users/yukio/Desktop/Swapple/Content/_Main/Levels/LevelsCoop/Meshes/Materials/M_Cinza.uasset" 500
"C:/Users/yukio/Desktop/Swapple/Content/_Main/Levels/LevelsCoop/Meshes/Materials/M_Cinza.uexp" 501
"C:/Users/yukio/Desktop/Swapple/Content/_Main/Levels/LevelsCoop/Meshes/M_BaseAlavanca.uasset" 502
"C:/Users/yukio/Desktop/Swapple/Content/_Main/Levels/LevelsCoop/Meshes/M_BaseAlavanca.uexp" 503
"C:/Users/yukio/Desktop/Swapple/Content/_Main/Levels/LevelsCoop/Meshes/M_Alavanca.uasset" 504
"C:/Users/yukio/Desktop/Swapple/Content/_Main/Levels/LevelsCoop/Meshes/M_Alavanca.uexp" 505
"C:/Users/yukio/Desktop/Swapple/Content/_Main/Levels/LevelsCoop/Blueprints/BP_MasterInteract.uasset" 506
"C:/Users/yukio/Desktop/Swapple/Content/_Main/Levels/LevelsCoop/Blueprints/BP_MasterInteract.uexp" 507
"C:/Users/yukio/Desktop/Swapple/Content/_Main/Levels/LevelsCoop/Blueprints/BP_Lever.uasset" 508
"C:/Users/yukio/Desktop/Swapple/Content/_Main/Levels/LevelsCoop/Blueprints/BP_Lever.uexp" 509
"../../../Engine/Content/BasicShapes/Sphere.uasset" 510
"../../../Engine/Content/BasicShapes/Sphere.uexp" 511
"../../../Engine/Content/BasicShapes/Plane.uasset" 512
"../../../Engine/Content/BasicShapes/Plane.uexp" 513
"../../../Engine/Content/BasicShapes/Cube.uasset" 514
"../../../Engine/Content/BasicShapes/Cube.uexp" 515
"C:/Users/yukio/Desktop/Swapple/Content/_Main/Levels/MainMenu/Materials/Textures/T_NuvemMenu.uasset" 516
"C:/Users/yukio/Desktop/Swapple/Content/_Main/Levels/MainMenu/Materials/Textures/T_NuvemMenu.uexp" 517
"C:/Users/yukio/Desktop/Swapple/Content/_Main/Levels/MainMenu/Materials/Textures/T_NuvemMenu.ubulk" 518
"C:/Users/yukio/Desktop/Swapple/Content/_Main/Levels/MainMenu/Materials/M_HDRIMenu.uasset" 519
"C:/Users/yukio/Desktop/Swapple/Content/_Main/Levels/MainMenu/Materials/M_HDRIMenu.uexp" 520
"../../../Engine/Content/Functions/Engine_MaterialFunctions02/WorldPositionOffset/V2/ObjectScale.uasset" 521
"../../../Engine/Content/Functions/Engine_MaterialFunctions02/WorldPositionOffset/V2/ObjectScale.uexp" 522
"C:/Users/yukio/Desktop/Swapple/Content/_Main/Levels/LevelsCoop/Meshes/Materials/M_CubeMeshFloor.uasset" 523
"C:/Users/yukio/Desktop/Swapple/Content/_Main/Levels/LevelsCoop/Meshes/Materials/M_CubeMeshFloor.uexp" 524
"../../../Engine/Content/EditorBlueprintResources/ActorMacros.uasset" 525
"../../../Engine/Content/EditorBlueprintResources/ActorMacros.uexp" 526
"C:/Users/yukio/Desktop/Swapple/Content/_Main/Fonts/BowlbyOneSC-Regular.uasset" 527
"C:/Users/yukio/Desktop/Swapple/Content/_Main/Fonts/BowlbyOneSC-Regular.uexp" 528
"C:/Users/yukio/Desktop/Swapple/Content/_Main/Fonts/BowlbyOneSC-Regular.ufont" 529
"C:/Users/yukio/Desktop/Swapple/Content/_Main/Fonts/BowlbyOneSC-Regular_Font.uasset" 530
"C:/Users/yukio/Desktop/Swapple/Content/_Main/Fonts/BowlbyOneSC-Regular_Font.uexp" 531
"C:/Users/yukio/Desktop/Swapple/Content/_Main/Models/Wapple/_BaseModel/Skeleton/SM_Head_Skeleton.uasset" 532
"C:/Users/yukio/Desktop/Swapple/Content/_Main/Models/Wapple/_BaseModel/Skeleton/SM_Head_Skeleton.uexp" 533
"../../../Engine/Content/Animation/DefaultAnimCurveCompressionSettings.uasset" 534
"../../../Engine/Content/Animation/DefaultAnimCurveCompressionSettings.uexp" 535
"../../../Engine/Content/Animation/DefaultAnimBoneCompressionSettings.uasset" 536
"../../../Engine/Content/Animation/DefaultAnimBoneCompressionSettings.uexp" 537
"C:/Users/yukio/Desktop/Swapple/Content/_Main/Models/Animations/Dead_BoneHead_BoneHeadAction.uasset" 538
"C:/Users/yukio/Desktop/Swapple/Content/_Main/Models/Animations/Dead_BoneHead_BoneHeadAction.uexp" 539
"C:/Users/yukio/Desktop/Swapple/Content/_Main/Models/Animations/A_IdleHead.uasset" 540
"C:/Users/yukio/Desktop/Swapple/Content/_Main/Models/Animations/A_IdleHead.uexp" 541
"C:/Users/yukio/Desktop/Swapple/Content/_Main/Models/Animations/A_HeadRun.uasset" 542
"C:/Users/yukio/Desktop/Swapple/Content/_Main/Models/Animations/A_HeadRun.uexp" 543
"C:/Users/yukio/Desktop/Swapple/Content/_Main/Models/Wapple/_BaseModel/Skeleton/A_BP_Head.uasset" 544
"C:/Users/yukio/Desktop/Swapple/Content/_Main/Models/Wapple/_BaseModel/Skeleton/A_BP_Head.uexp" 545
"C:/Users/yukio/Desktop/Swapple/Content/_Main/Models/Wapple/_BaseModel/Skeleton/SM_Hands_Skeleton.uasset" 546
"C:/Users/yukio/Desktop/Swapple/Content/_Main/Models/Wapple/_BaseModel/Skeleton/SM_Hands_Skeleton.uexp" 547
"C:/Users/yukio/Desktop/Swapple/Content/_Main/Models/Animations/Dead_BoneHands_BoneHandsAction.uasset" 548
"C:/Users/yukio/Desktop/Swapple/Content/_Main/Models/Animations/Dead_BoneHands_BoneHandsAction.uexp" 549
"C:/Users/yukio/Desktop/Swapple/Content/_Main/Models/Animations/A_Interagir.uasset" 550
"C:/Users/yukio/Desktop/Swapple/Content/_Main/Models/Animations/A_Interagir.uexp" 551
"C:/Users/yukio/Desktop/Swapple/Content/_Main/Models/Animations/A_IdleHands.uasset" 552
"C:/Users/yukio/Desktop/Swapple/Content/_Main/Models/Animations/A_IdleHands.uexp" 553
"C:/Users/yukio/Desktop/Swapple/Content/_Main/Models/Animations/A_HandsRun.uasset" 554
"C:/Users/yukio/Desktop/Swapple/Content/_Main/Models/Animations/A_HandsRun.uexp" 555
"C:/Users/yukio/Desktop/Swapple/Content/_Main/Models/Wapple/_BaseModel/Skeleton/A_BP_Hands.uasset" 556
"C:/Users/yukio/Desktop/Swapple/Content/_Main/Models/Wapple/_BaseModel/Skeleton/A_BP_Hands.uexp" 557
"C:/Users/yukio/Desktop/Swapple/Content/_Main/Models/Wapple/_BaseModel/Skeleton/SM_Feet_Skeleton.uasset" 558
"C:/Users/yukio/Desktop/Swapple/Content/_Main/Models/Wapple/_BaseModel/Skeleton/SM_Feet_Skeleton.uexp" 559
"C:/Users/yukio/Desktop/Swapple/Content/_Main/Models/Animations/A_FootRun.uasset" 560
"C:/Users/yukio/Desktop/Swapple/Content/_Main/Models/Animations/A_FootRun.uexp" 561
"C:/Users/yukio/Desktop/Swapple/Content/_Main/Models/Animations/A_FootIdle.uasset" 562
"C:/Users/yukio/Desktop/Swapple/Content/_Main/Models/Animations/A_FootIdle.uexp" 563
"C:/Users/yukio/Desktop/Swapple/Content/_Main/Models/Wapple/_BaseModel/Skeleton/A_BP_Feet.uasset" 564
"C:/Users/yukio/Desktop/Swapple/Content/_Main/Models/Wapple/_BaseModel/Skeleton/A_BP_Feet.uexp" 565
"C:/Users/yukio/Desktop/Swapple/Content/_Main/Models/Wapple/_BaseModel/Skeleton/SM_Eyes_Skeleton.uasset" 566
"C:/Users/yukio/Desktop/Swapple/Content/_Main/Models/Wapple/_BaseModel/Skeleton/SM_Eyes_Skeleton.uexp" 567
"C:/Users/yukio/Desktop/Swapple/Content/_Main/Models/Animations/SM_Eyes_Skeleton_Sequence.uasset" 568
"C:/Users/yukio/Desktop/Swapple/Content/_Main/Models/Animations/SM_Eyes_Skeleton_Sequence.uexp" 569
"C:/Users/yukio/Desktop/Swapple/Content/_Main/Models/Animations/Dead_BoneEyes_BoneEyesAction.uasset" 570
"C:/Users/yukio/Desktop/Swapple/Content/_Main/Models/Animations/Dead_BoneEyes_BoneEyesAction.uexp" 571
"C:/Users/yukio/Desktop/Swapple/Content/_Main/Models/Wapple/_BaseModel/Skeleton/A_BP_Eyes.uasset" 572
"C:/Users/yukio/Desktop/Swapple/Content/_Main/Models/Wapple/_BaseModel/Skeleton/A_BP_Eyes.uexp" 573
"C:/Users/yukio/Desktop/Swapple/Content/_Main/Models/Wapple/_BaseModel/Skeleton/SM_Body_Skeleton.uasset" 574
"C:/Users/yukio/Desktop/Swapple/Content/_Main/Models/Wapple/_BaseModel/Skeleton/SM_Body_Skeleton.uexp" 575
"C:/Users/yukio/Desktop/Swapple/Content/_Main/Models/Animations/Dead_BoneBody_BoneBodyAction.uasset" 576
"C:/Users/yukio/Desktop/Swapple/Content/_Main/Models/Animations/Dead_BoneBody_BoneBodyAction.uexp" 577
"C:/Users/yukio/Desktop/Swapple/Content/_Main/Models/Animations/A_IdleBody.uasset" 578
"C:/Users/yukio/Desktop/Swapple/Content/_Main/Models/Animations/A_IdleBody.uexp" 579
"C:/Users/yukio/Desktop/Swapple/Content/_Main/Models/Animations/A_BodyRun.uasset" 580
"C:/Users/yukio/Desktop/Swapple/Content/_Main/Models/Animations/A_BodyRun.uexp" 581
"C:/Users/yukio/Desktop/Swapple/Content/_Main/Models/Wapple/_BaseModel/Skeleton/A_BP_Body.uasset" 582
"C:/Users/yukio/Desktop/Swapple/Content/_Main/Models/Wapple/_BaseModel/Skeleton/A_BP_Body.uexp" 583
"C:/Users/yukio/Desktop/Swapple/Content/_Main/Models/Wapple/Shirts/Suit/M_Black174.uasset" 584
"C:/Users/yukio/Desktop/Swapple/Content/_Main/Models/Wapple/Shirts/Suit/M_Black174.uexp" 585
"C:/Users/yukio/Desktop/Swapple/Content/_Main/Models/Wapple/Pants/Materials/M_White.uasset" 586
"C:/Users/yukio/Desktop/Swapple/Content/_Main/Models/Wapple/Pants/Materials/M_White.uexp" 587
"C:/Users/yukio/Desktop/Swapple/Content/_Main/Models/Wapple/Shirts/Suit/M_Gold.uasset" 588
"C:/Users/yukio/Desktop/Swapple/Content/_Main/Models/Wapple/Shirts/Suit/M_Gold.uexp" 589
"C:/Users/yukio/Desktop/Swapple/Content/_Main/Models/Wapple/Shirts/Suit/M_SuitHands.uasset" 590
"C:/Users/yukio/Desktop/Swapple/Content/_Main/Models/Wapple/Shirts/Suit/M_SuitHands.uexp" 591
"C:/Users/yukio/Desktop/Swapple/Content/_Main/Models/Wapple/Shoes/Basic/M_BasicShoesBrown.uasset" 592
"C:/Users/yukio/Desktop/Swapple/Content/_Main/Models/Wapple/Shoes/Basic/M_BasicShoesBrown.uexp" 593
"C:/Users/yukio/Desktop/Swapple/Content/_Main/Models/Wapple/Shoes/Suit/M_Black122.uasset" 594
"C:/Users/yukio/Desktop/Swapple/Content/_Main/Models/Wapple/Shoes/Suit/M_Black122.uexp" 595
"C:/Users/yukio/Desktop/Swapple/Content/_Main/Models/Wapple/Shoes/Basic/M_BasicShoes.uasset" 596
"C:/Users/yukio/Desktop/Swapple/Content/_Main/Models/Wapple/Shoes/Basic/M_BasicShoes.uexp" 597
"C:/Users/yukio/Desktop/Swapple/Content/_Main/Models/Wapple/Shirts/Basic/M_Blue.uasset" 598
"C:/Users/yukio/Desktop/Swapple/Content/_Main/Models/Wapple/Shirts/Basic/M_Blue.uexp" 599
"C:/Users/yukio/Desktop/Swapple/Content/_Main/Models/Wapple/Pants/Materials/M_Red.uasset" 600
"C:/Users/yukio/Desktop/Swapple/Content/_Main/Models/Wapple/Pants/Materials/M_Red.uexp" 601
"C:/Users/yukio/Desktop/Swapple/Content/_Main/Models/Wapple/Shirts/Basic/M_BasicShirtDetail.uasset" 602
"C:/Users/yukio/Desktop/Swapple/Content/_Main/Models/Wapple/Shirts/Basic/M_BasicShirtDetail.uexp" 603
"C:/Users/yukio/Desktop/Swapple/Content/_Main/Models/Wapple/Shirts/Basic/M_BasicShirt.uasset" 604
"C:/Users/yukio/Desktop/Swapple/Content/_Main/Models/Wapple/Shirts/Basic/M_BasicShirt.uexp" 605
"C:/Users/yukio/Desktop/Swapple/Content/_Main/Models/Wapple/Pants/BasicJeans/M_JeansC2.uasset" 606
"C:/Users/yukio/Desktop/Swapple/Content/_Main/Models/Wapple/Pants/BasicJeans/M_JeansC2.uexp" 607
"C:/Users/yukio/Desktop/Swapple/Content/_Main/Models/Wapple/Pants/BasicJeans/M_JeansC1.uasset" 608
"C:/Users/yukio/Desktop/Swapple/Content/_Main/Models/Wapple/Pants/BasicJeans/M_JeansC1.uexp" 609
"C:/Users/yukio/Desktop/Swapple/Content/_Main/Models/Wapple/Pants/BasicJeans/M_BasicJeans.uasset" 610
"C:/Users/yukio/Desktop/Swapple/Content/_Main/Models/Wapple/Pants/BasicJeans/M_BasicJeans.uexp" 611
"C:/Users/yukio/Desktop/Swapple/Content/_Main/Models/Wapple/_BaseModel/Materials/M_BodyColor.uasset" 612
"C:/Users/yukio/Desktop/Swapple/Content/_Main/Models/Wapple/_BaseModel/Materials/M_BodyColor.uexp" 613
"C:/Users/yukio/Desktop/Swapple/Content/_Main/Models/Wapple/_BaseModel/SM_Head.uasset" 614
"C:/Users/yukio/Desktop/Swapple/Content/_Main/Models/Wapple/_BaseModel/SM_Head.uexp" 615
"C:/Users/yukio/Desktop/Swapple/Content/_Main/Models/Wapple/_BaseModel/SM_Hands.uasset" 616
"C:/Users/yukio/Desktop/Swapple/Content/_Main/Models/Wapple/_BaseModel/SM_Hands.uexp" 617
"C:/Users/yukio/Desktop/Swapple/Content/_Main/Models/Wapple/_BaseModel/Materials/M_Eyes.uasset" 618
"C:/Users/yukio/Desktop/Swapple/Content/_Main/Models/Wapple/_BaseModel/Materials/M_Eyes.uexp" 619
"C:/Users/yukio/Desktop/Swapple/Content/_Main/Models/Wapple/_BaseModel/SM_Eyes.uasset" 620
"C:/Users/yukio/Desktop/Swapple/Content/_Main/Models/Wapple/_BaseModel/SM_Eyes.uexp" 621
"C:/Users/yukio/Desktop/Swapple/Content/_Main/Models/Wapple/_BaseModel/SM_Body.uasset" 622
"C:/Users/yukio/Desktop/Swapple/Content/_Main/Models/Wapple/_BaseModel/SM_Body.uexp" 623
"C:/Users/yukio/Desktop/Swapple/Content/_Main/Models/Wapple/_BaseModel/SM_Feet.uasset" 624
"C:/Users/yukio/Desktop/Swapple/Content/_Main/Models/Wapple/_BaseModel/SM_Feet.uexp" 625
"C:/Users/yukio/Desktop/Swapple/Content/_Main/Models/Wapple/Pants/M_Underwear.uasset" 626
"C:/Users/yukio/Desktop/Swapple/Content/_Main/Models/Wapple/Pants/M_Underwear.uexp" 627
"C:/Users/yukio/Desktop/Swapple/Content/_Main/Structures/S_Equipped.uasset" 628
"C:/Users/yukio/Desktop/Swapple/Content/_Main/Structures/S_Equipped.uexp" 629
"C:/Users/yukio/Desktop/Swapple/Content/_Main/SV_AudioConfig.uasset" 630
"C:/Users/yukio/Desktop/Swapple/Content/_Main/SV_AudioConfig.uexp" 631
"C:/Users/yukio/Desktop/Swapple/Content/_Main/Structures/S_Owned.uasset" 632
"C:/Users/yukio/Desktop/Swapple/Content/_Main/Structures/S_Owned.uexp" 633
"C:/Users/yukio/Desktop/Swapple/Content/_Main/SV_Swapple.uasset" 634
"C:/Users/yukio/Desktop/Swapple/Content/_Main/SV_Swapple.uexp" 635
"../../../Engine/Content/EngineSounds/Submixes/MasterReverbEffectPreset.uasset" 636
"../../../Engine/Content/EngineSounds/Submixes/MasterReverbEffectPreset.uexp" 637
"../../../Engine/Content/EngineSounds/Submixes/MasterReverbSubmixDefault.uasset" 638
"../../../Engine/Content/EngineSounds/Submixes/MasterReverbSubmixDefault.uexp" 639
"../../../Engine/Content/EngineSounds/Submixes/MasterEQEffectPreset.uasset" 640
"../../../Engine/Content/EngineSounds/Submixes/MasterEQEffectPreset.uexp" 641
"../../../Engine/Content/EngineSounds/Submixes/MasterEQSubmixDefault.uasset" 642
"../../../Engine/Content/EngineSounds/Submixes/MasterEQSubmixDefault.uexp" 643
"../../../Engine/Content/EngineSounds/Submixes/MasterSubmixDefault.uasset" 644
"../../../Engine/Content/EngineSounds/Submixes/MasterSubmixDefault.uexp" 645
"C:/Users/yukio/Desktop/Swapple/Content/_Main/Audio/SC_Music.uasset" 646
"C:/Users/yukio/Desktop/Swapple/Content/_Main/Audio/SC_Music.uexp" 647
"C:/Users/yukio/Desktop/Swapple/Content/_Main/Audio/SC_SFX.uasset" 648
"C:/Users/yukio/Desktop/Swapple/Content/_Main/Audio/SC_SFX.uexp" 649
"C:/Users/yukio/Desktop/Swapple/Content/_Main/Audio/SC_Master.uasset" 650
"C:/Users/yukio/Desktop/Swapple/Content/_Main/Audio/SC_Master.uexp" 651
"C:/Users/yukio/Desktop/Swapple/Content/_Main/Audio/MixClass_Master.uasset" 652
"C:/Users/yukio/Desktop/Swapple/Content/_Main/Audio/MixClass_Master.uexp" 653
"C:/Users/yukio/Desktop/Swapple/Content/_Main/SwappleGameInstance.uasset" 654
"C:/Users/yukio/Desktop/Swapple/Content/_Main/SwappleGameInstance.uexp" 655
"C:/Users/yukio/Desktop/Swapple/Content/_Main/Pawns/BP_WapplePawn.uasset" 656
"C:/Users/yukio/Desktop/Swapple/Content/_Main/Pawns/BP_WapplePawn.uexp" 657
"C:/Users/yukio/Desktop/Swapple/Content/_Main/HUD/GameHUD/W_SlotHUDMovement.uasset" 658
"C:/Users/yukio/Desktop/Swapple/Content/_Main/HUD/GameHUD/W_SlotHUDMovement.uexp" 659
"C:/Users/yukio/Desktop/Swapple/Content/_Main/HUD/GameHUD/W_HUDMovement.uasset" 660
"C:/Users/yukio/Desktop/Swapple/Content/_Main/HUD/GameHUD/W_HUDMovement.uexp" 661
"C:/Users/yukio/Desktop/Swapple/Content/_Main/HUD/GameHUD/W_EndPhase.uasset" 662
"C:/Users/yukio/Desktop/Swapple/Content/_Main/HUD/GameHUD/W_EndPhase.uexp" 663
"C:/Users/yukio/Desktop/Swapple/Content/_Main/Levels/LevelsCoop/LevelCoopController.uasset" 664
"C:/Users/yukio/Desktop/Swapple/Content/_Main/Levels/LevelsCoop/LevelCoopController.uexp" 665
"C:/Users/yukio/Desktop/Swapple/Content/_Main/Structures/S_Players.uasset" 666
"C:/Users/yukio/Desktop/Swapple/Content/_Main/Structures/S_Players.uexp" 667
"C:/Users/yukio/Desktop/Swapple/Content/_Main/Levels/LevelsCoop/GameStateLevelCoop.uasset" 668
"C:/Users/yukio/Desktop/Swapple/Content/_Main/Levels/LevelsCoop/GameStateLevelCoop.uexp" 669
"C:/Users/yukio/Desktop/Swapple/Content/_Main/Levels/LevelsCoop/GameModeLevelsCoop.uasset" 670
"C:/Users/yukio/Desktop/Swapple/Content/_Main/Levels/LevelsCoop/GameModeLevelsCoop.uexp" 671
"C:/Users/yukio/Desktop/Swapple/Content/_Main/Levels/LevelsCoop/Meshes/SM_Porta.uasset" 672
"C:/Users/yukio/Desktop/Swapple/Content/_Main/Levels/LevelsCoop/Meshes/SM_Porta.uexp" 673
"C:/Users/yukio/Desktop/Swapple/Content/_Main/Levels/LevelsCoop/Blueprints/BP_PortaPass.uasset" 674
"C:/Users/yukio/Desktop/Swapple/Content/_Main/Levels/LevelsCoop/Blueprints/BP_PortaPass.uexp" 675
"C:/Users/yukio/Desktop/Swapple/Content/M_PostProcessCelShading.uasset" 676
"C:/Users/yukio/Desktop/Swapple/Content/M_PostProcessCelShading.uexp" 677
"C:/Users/yukio/Desktop/Swapple/Content/M_PostProcessCelShading_Inst.uasset" 678
"C:/Users/yukio/Desktop/Swapple/Content/M_PostProcessCelShading_Inst.uexp" 679
"C:/Users/yukio/Desktop/Swapple/Content/_Main/Levels/LevelsCoop/L1/L_Coop1.uexp" 680
"C:/Users/yukio/Desktop/Swapple/Content/_Main/Levels/LevelsCoop/L1/L_Coop1.umap" 681
"C:/Users/yukio/Desktop/Swapple/Content/_Main/Levels/LevelsCoop/Meshes/SM_PortaUp.uasset" 682
"C:/Users/yukio/Desktop/Swapple/Content/_Main/Levels/LevelsCoop/Meshes/SM_PortaUp.uexp" 683
"C:/Users/yukio/Desktop/Swapple/Content/_Main/Levels/LevelsCoop/Blueprints/BP_PortaUp.uasset" 684
"C:/Users/yukio/Desktop/Swapple/Content/_Main/Levels/LevelsCoop/Blueprints/BP_PortaUp.uexp" 685
"C:/Users/yukio/Desktop/Swapple/Content/_Main/Levels/LevelsCoop/L2/L_Coop2.uexp" 686
"C:/Users/yukio/Desktop/Swapple/Content/_Main/Levels/LevelsCoop/L2/L_Coop2.umap" 687
"C:/Users/yukio/Desktop/Swapple/Content/_Main/Levels/MainMenu/L_LoadMenu.uexp" 688
"C:/Users/yukio/Desktop/Swapple/Content/_Main/Levels/MainMenu/L_LoadMenu.umap" 689
"C:/Users/yukio/Desktop/Swapple/Content/_Main/HUD/MainMenu/W_ServerSlot.uasset" 690
"C:/Users/yukio/Desktop/Swapple/Content/_Main/HUD/MainMenu/W_ServerSlot.uexp" 691
"C:/Users/yukio/Desktop/Swapple/Content/_Main/HUD/MainMenu/W_MainMenu.uasset" 692
"C:/Users/yukio/Desktop/Swapple/Content/_Main/HUD/MainMenu/W_MainMenu.uexp" 693
"C:/Users/yukio/Desktop/Swapple/Content/_Main/HUD/Textures/TermsTextures/T_TermsYesPressed.uasset" 694
"C:/Users/yukio/Desktop/Swapple/Content/_Main/HUD/Textures/TermsTextures/T_TermsYesPressed.uexp" 695
"C:/Users/yukio/Desktop/Swapple/Content/_Main/HUD/Textures/TermsTextures/T_TermsYesNormal.uasset" 696
"C:/Users/yukio/Desktop/Swapple/Content/_Main/HUD/Textures/TermsTextures/T_TermsYesNormal.uexp" 697
"C:/Users/yukio/Desktop/Swapple/Content/_Main/HUD/Textures/TermsTextures/T_TermsYesHover.uasset" 698
"C:/Users/yukio/Desktop/Swapple/Content/_Main/HUD/Textures/TermsTextures/T_TermsYesHover.uexp" 699
"C:/Users/yukio/Desktop/Swapple/Content/_Main/HUD/Textures/TermsTextures/T_TermsNoPressed.uasset" 700
"C:/Users/yukio/Desktop/Swapple/Content/_Main/HUD/Textures/TermsTextures/T_TermsNoPressed.uexp" 701
"C:/Users/yukio/Desktop/Swapple/Content/_Main/HUD/Textures/TermsTextures/T_TermsNoNormal.uasset" 702
"C:/Users/yukio/Desktop/Swapple/Content/_Main/HUD/Textures/TermsTextures/T_TermsNoNormal.uexp" 703
"C:/Users/yukio/Desktop/Swapple/Content/_Main/HUD/Textures/TermsTextures/T_TermsNoHover.uasset" 704
"C:/Users/yukio/Desktop/Swapple/Content/_Main/HUD/Textures/TermsTextures/T_TermsNoHover.uexp" 705
"C:/Users/yukio/Desktop/Swapple/Content/_Main/Models/Wapple/BP_Wapple.uasset" 706
"C:/Users/yukio/Desktop/Swapple/Content/_Main/Models/Wapple/BP_Wapple.uexp" 707
"C:/Users/yukio/Desktop/Swapple/Content/_Main/HUD/MainMenu/W_ColorPickSlot.uasset" 708
"C:/Users/yukio/Desktop/Swapple/Content/_Main/HUD/MainMenu/W_ColorPickSlot.uexp" 709
"C:/Users/yukio/Desktop/Swapple/Content/_Main/HUD/MainMenu/W_ColorPicker.uasset" 710
"C:/Users/yukio/Desktop/Swapple/Content/_Main/HUD/MainMenu/W_ColorPicker.uexp" 711
"C:/Users/yukio/Desktop/Swapple/Content/_Main/Levels/MainMenu/C_MenuController.uasset" 712
"C:/Users/yukio/Desktop/Swapple/Content/_Main/Levels/MainMenu/C_MenuController.uexp" 713
"C:/Users/yukio/Desktop/Swapple/Content/_Main/Levels/MainMenu/GM_Menu.uasset" 714
"C:/Users/yukio/Desktop/Swapple/Content/_Main/Levels/MainMenu/GM_Menu.uexp" 715
"C:/Users/yukio/Desktop/Swapple/Content/_Main/HUD/Textures/Loading/T_LoadingScreen.uasset" 716
"C:/Users/yukio/Desktop/Swapple/Content/_Main/HUD/Textures/Loading/T_LoadingScreen.uexp" 717
"C:/Users/yukio/Desktop/Swapple/Content/_Main/HUD/MainMenu/W_Loading.uasset" 718
"C:/Users/yukio/Desktop/Swapple/Content/_Main/HUD/MainMenu/W_Loading.uexp" 719
"C:/Users/yukio/Desktop/Swapple/Content/_Main/Levels/MainMenu/L_MainMenu_P.uexp" 720
"C:/Users/yukio/Desktop/Swapple/Content/_Main/Levels/MainMenu/L_MainMenu_P.umap" 721
"C:/Users/yukio/Desktop/Swapple/Content/_Main/Levels/MainMenu/L_MainMenu_BuiltData.uasset" 722
"C:/Users/yukio/Desktop/Swapple/Content/_Main/Levels/MainMenu/L_MainMenu_BuiltData.uexp" 723
"C:/Users/yukio/Desktop/Swapple/Content/_Main/Levels/MainMenu/L_MainMenu_BuiltData.ubulk" 724
"C:/Users/yukio/Desktop/Swapple/Content/_Main/HUD/Textures/TermsTextures/T_TermsTitle.uasset" 725
"C:/Users/yukio/Desktop/Swapple/Content/_Main/HUD/Textures/TermsTextures/T_TermsTitle.uexp" 726
"C:/Users/yukio/Desktop/Swapple/Content/_Main/HUD/Textures/TermsTextures/T_TermsScroll.uasset" 727
"C:/Users/yukio/Desktop/Swapple/Content/_Main/HUD/Textures/TermsTextures/T_TermsScroll.uexp" 728
"C:/Users/yukio/Desktop/Swapple/Content/_Main/HUD/Textures/TermsTextures/T_TermsGuide.uasset" 729
"C:/Users/yukio/Desktop/Swapple/Content/_Main/HUD/Textures/TermsTextures/T_TermsGuide.uexp" 730
"C:/Users/yukio/Desktop/Swapple/Content/_Main/HUD/Textures/TermsTextures/T_TermsBackimage.uasset" 731
"C:/Users/yukio/Desktop/Swapple/Content/_Main/HUD/Textures/TermsTextures/T_TermsBackimage.uexp" 732
"C:/Users/yukio/Desktop/Swapple/Content/_Main/HUD/MainMenu/W_Terms.uasset" 733
"C:/Users/yukio/Desktop/Swapple/Content/_Main/HUD/MainMenu/W_Terms.uexp" 734
"C:/Users/yukio/Desktop/Swapple/Content/NewMaterial.uasset" 735
"C:/Users/yukio/Desktop/Swapple/Content/NewMaterial.uexp" 736
"C:/Users/yukio/Desktop/Swapple/Content/_Main/Levels/MainMenu/L_MainMenu.uexp" 737
"C:/Users/yukio/Desktop/Swapple/Content/_Main/Levels/MainMenu/L_MainMenu.umap" 738
"../../../Engine/Content/Maps/Entry_BuiltData.uasset" 739
"../../../Engine/Content/Maps/Entry_BuiltData.uexp" 740
"../../../Engine/Content/Maps/Entry.uexp" 741
"../../../Engine/Content/Maps/Entry.umap" 742
